[2023-01-17T09:01:26.177] [INFO] INFO - Ruta POST - "localhost:8080" accedida - Email: tony@gmail.com - User: JAJAJA logueado.
[2023-01-17T09:05:20.015] [INFO] INFO - Ruta POST - "localhost:8080" accedida - Email: tony@gmail.com - User: JAJAJA logueado.
[2023-01-17T09:06:27.713] [INFO] INFO - Ruta POST - "localhost:8080" accedida - Email: tony@gmail.com - User: JAJAJA logueado.
[2023-01-17T09:07:02.358] [INFO] INFO - Ruta POST - "localhost:8080" accedida - Email: tony@gmail.com - User: JAJAJA logueado.
[2023-01-17T09:07:47.972] [INFO] INFO - Ruta POST - "localhost:8080" accedida - Email: tony@gmail.com - User: JAJAJA logueado.
[2023-01-17T09:07:49.143] [INFO] INFO - Ruta GET - "localhost:8080" accedida - Email: tony@gmail.com - User: JAJAJA cerró sesión.
[2023-01-17T09:09:07.662] [INFO] INFO - Ruta POST - "localhost:8080" accedida - Email: tony@gmail.com - User: JAJAJA logueado.
[2023-01-17T09:09:09.219] [INFO] INFO - Ruta GET - "localhost:8080" accedida - Email: tony@gmail.com - User: JAJAJA cerró sesión.
[2023-01-17T09:09:13.192] [INFO] INFO - Ruta POST - "localhost:8080" accedida - Email: juan@gmail.com - User: Juan Perez logueado.
[2023-01-17T09:09:15.240] [INFO] INFO - Ruta GET - "localhost:8080" accedida - Email: juan@gmail.com - User: Juan Perez cerró sesión.
[2023-01-17T09:09:46.411] [INFO] INFO - Ruta POST - "localhost:8080" accedida - Email: juan@gmail.com - User: Juan Perez logueado.
[2023-01-17T09:09:55.829] [INFO] INFO - Ruta GET - "localhost:8080" accedida - Email: juan@gmail.com - User: Juan Perez cerró sesión.
[2023-01-17T09:10:08.284] [INFO] INFO - Ruta POST - "localhost:8080" accedida - Email: tony@gmail.com - User: JAJAJA logueado.
[2023-01-17T09:10:16.209] [INFO] INFO - Ruta GET - "localhost:8080" accedida - Email: tony@gmail.com - User: JAJAJA cerró sesión.
[2023-01-17T14:09:12.058] [INFO] INFO - Ruta POST - "localhost:8080" accedida - Email: juan@gmail.com - User: Juan Perez logueado.
[2023-01-17T14:09:13.980] [INFO] INFO - Ruta GET - "localhost:8080" accedida - Email: juan@gmail.com - User: Juan Perez cerró sesión.
[2023-01-17T14:09:19.619] [INFO] INFO - Ruta POST - "localhost:8080" accedida - Email: tony@gmail.com - User: JAJAJA logueado.
[2023-01-17T14:09:22.377] [INFO] INFO - Ruta GET - "localhost:8080" accedida - Email: tony@gmail.com - User: JAJAJA cerró sesión.
[2023-01-17T21:33:47.810] [INFO] INFO - Ruta POST - "localhost:8080" accedida - Email: tony@gmail.com - User: JAJAJA logueado.
[2023-01-17T21:34:30.087] [INFO] INFO - Ruta POST - "localhost:8080" accedida - Email: juan@gmail.com - User: Juan Perez logueado.
[2023-01-19T15:13:22.769] [INFO] INFO - Ruta POST - "localhost:8080" accedida - Email: tony@gmail.com - User: JAJAJA logueado.
[2023-01-19T15:13:26.399] [INFO] INFO - Ruta GET - "localhost:8080" accedida - Email: tony@gmail.com - User: JAJAJA cerró sesión.
[2023-01-19T15:21:29.865] [INFO] INFO - Ruta POST - "localhost:8080" accedida - Email: tony@gmail.com - User: JAJAJA logueado.
[2023-01-19T15:37:08.145] [INFO] INFO - Ruta GET - "localhost:8080" accedida - Email: tony@gmail.com - User: JAJAJA cerró sesión.
[2023-01-19T21:22:26.598] [INFO] INFO - Ruta POST - "localhost:8080" accedida - Email: juan@gmail.com - User: Juan Perez logueado.
[2023-01-19T21:25:09.103] [INFO] INFO - Ruta POST - "localhost:8080" accedida - Email: juan@gmail.com - User: Juan Perez logueado.
[2023-01-19T21:25:37.916] [INFO] INFO - Ruta POST - "localhost:8080" accedida - Email: juan@gmail.com - User: Juan Perez logueado.
[2023-01-19T21:25:58.384] [INFO] INFO - Ruta POST - "localhost:8080" accedida - Email: juan@gmail.com - User: Juan Perez logueado.
[2023-01-19T21:26:25.426] [INFO] INFO - Ruta POST - "localhost:8080" accedida - Email: juan@gmail.com - User: Juan Perez logueado.
[2023-01-19T21:28:31.141] [INFO] INFO - Ruta POST - "localhost:8080" accedida - Email: juan@gmail.com - User: Juan Perez logueado.
[2023-01-19T21:28:42.716] [INFO] INFO - Ruta POST - "localhost:8080" accedida - Email: tony@gmail.com - User: JAJAJA logueado.
[2023-01-19T21:28:45.845] [INFO] INFO - Ruta GET - "localhost:8080" accedida - Email: tony@gmail.com - User: JAJAJA cerró sesión.
[2023-01-19T21:28:49.615] [INFO] INFO - Ruta POST - "localhost:8080" accedida - Email: juan@gmail.com - User: Juan Perez logueado.
[2023-01-19T21:29:23.273] [INFO] INFO - Ruta GET - "localhost:8080" accedida - Email: juan@gmail.com - User: Juan Perez cerró sesión.
[2023-01-19T21:29:27.072] [INFO] INFO - Ruta POST - "localhost:8080" accedida - Email: juan@gmail.com - User: Juan Perez logueado.
[2023-01-19T21:29:38.608] [INFO] INFO - Ruta GET - "localhost:8080" accedida - Email: juan@gmail.com - User: Juan Perez cerró sesión.
[2023-01-19T21:29:42.987] [INFO] INFO - Ruta POST - "localhost:8080" accedida - Email: juan@gmail.com - User: Juan Perez logueado.
[2023-01-19T21:30:24.390] [INFO] INFO - Ruta POST - "localhost:8080" accedida - Email: juan@gmail.com - User: Juan Perez logueado.
[2023-01-19T21:30:45.508] [INFO] INFO - Ruta POST - "localhost:8080" accedida - Email: juan@gmail.com - User: Juan Perez logueado.
[2023-01-19T21:30:55.558] [INFO] INFO - Ruta POST - "localhost:8080" accedida - Email: juan@gmail.com - User: Juan Perez logueado.
[2023-01-20T10:41:00.046] [INFO] INFO - Ruta POST - "localhost:8080" accedida - Email: juan@gmail.com - User: Juan Perez logueado.
[2023-01-20T10:41:38.676] [INFO] INFO - Ruta POST - "localhost:8080" accedida - Email: tony@gmail.com - User: JAJAJA logueado.
[2023-01-20T10:44:34.514] [INFO] INFO - Ruta POST - "localhost:8080" accedida - Email: juan@gmail.com - User: Juan Perez logueado.
[2023-01-20T10:51:02.205] [INFO] INFO - Ruta POST - "localhost:8080" accedida - Email: juan@gmail.com - User: Juan Perez logueado.
[2023-01-20T10:51:24.664] [INFO] INFO - Ruta POST - "localhost:8080" accedida - Email: juan@gmail.com - User: Juan Perez logueado.
[2023-01-20T10:53:51.852] [INFO] INFO - Ruta POST - "localhost:8080" accedida - Email: juan@gmail.com - User: Juan Perez logueado.
[2023-01-20T10:56:14.147] [INFO] INFO - Ruta POST - "localhost:8080" accedida - Email: juan@gmail.com - User: Juan Perez logueado.
[2023-01-20T10:56:24.763] [INFO] INFO - Ruta POST - "localhost:8080" accedida - Email: juan@gmail.com - User: Juan Perez logueado.
[2023-01-20T10:56:56.188] [INFO] INFO - Ruta POST - "localhost:8080" accedida - Email: tony@gmail.com - User: JAJAJA logueado.
[2023-01-20T10:58:38.062] [INFO] INFO - Ruta POST - "localhost:8080" accedida - Email: juan@gmail.com - User: Juan Perez logueado.
[2023-01-20T10:59:18.554] [INFO] INFO - Ruta GET - "localhost:8080" accedida - Email: juan@gmail.com - User: Juan Perez cerró sesión.
[2023-01-20T10:59:26.508] [INFO] INFO - Ruta POST - "localhost:8080" accedida - Email: juan@gmail.com - User: Juan Perez logueado.
[2023-01-20T11:01:16.135] [INFO] INFO - Ruta POST - "localhost:8080" accedida - Email: juan@gmail.com - User: Juan Perez logueado.
[2023-01-20T11:01:19.034] [INFO] INFO - Ruta GET - "localhost:8080" accedida - Email: juan@gmail.com - User: Juan Perez cerró sesión.
[2023-01-20T11:01:23.015] [INFO] INFO - Ruta POST - "localhost:8080" accedida - Email: juan@gmail.com - User: Juan Perez logueado.
[2023-01-20T13:17:14.088] [INFO] INFO - Ruta POST - "localhost:8080" accedida - Email: juan@gmail.com - User: Juan Perez logueado.
[2023-01-20T13:18:58.315] [INFO] INFO - Ruta POST - "localhost:8080" accedida - Email: juan@gmail.com - User: Juan Perez logueado.
[2023-01-20T13:24:29.396] [INFO] INFO - Ruta POST - "localhost:8080" accedida - Email: juan@gmail.com - User: Juan Perez logueado.
[2023-01-20T13:25:58.650] [INFO] INFO - Ruta POST - "localhost:8080" accedida - Email: juan@gmail.com - User: Juan Perez logueado.
[2023-01-20T13:27:14.361] [INFO] INFO - Ruta POST - "localhost:8080" accedida - Email: juan@gmail.com - User: Juan Perez logueado.
[2023-01-20T13:28:23.275] [INFO] INFO - Ruta POST - "localhost:8080" accedida - Email: juan@gmail.com - User: Juan Perez logueado.
[2023-01-20T13:29:05.450] [INFO] INFO - Ruta POST - "localhost:8080" accedida - Email: juan@gmail.com - User: Juan Perez logueado.
[2023-01-20T13:29:24.895] [INFO] INFO - Ruta POST - "localhost:8080" accedida - Email: juan@gmail.com - User: Juan Perez logueado.
[2023-01-20T13:29:46.069] [INFO] INFO - Ruta POST - "localhost:8080" accedida - Email: juan@gmail.com - User: Juan Perez logueado.
[2023-01-20T13:30:03.331] [INFO] INFO - Ruta POST - "localhost:8080" accedida - Email: juan@gmail.com - User: Juan Perez logueado.
[2023-01-20T13:30:45.609] [INFO] INFO - Ruta POST - "localhost:8080" accedida - Email: juan@gmail.com - User: Juan Perez logueado.
[2023-01-20T13:31:25.517] [INFO] INFO - Ruta POST - "localhost:8080" accedida - Email: juan@gmail.com - User: Juan Perez logueado.
[2023-01-20T13:34:20.737] [INFO] INFO - Ruta POST - "localhost:8080" accedida - Email: juan@gmail.com - User: Juan Perez logueado.
[2023-01-20T13:34:45.527] [INFO] INFO - Ruta GET - "localhost:8080" accedida - Email: juan@gmail.com - User: Juan Perez cerró sesión.
[2023-01-20T14:16:56.894] [INFO] INFO - Ruta POST - "localhost:8080" accedida - Email: juan@gmail.com - User: Juan Perez logueado.
[2023-01-20T14:17:16.841] [INFO] INFO - Ruta POST - "localhost:8080" accedida - Email: juan@gmail.com - User: Juan Perez logueado.
[2023-01-21T11:25:11.867] [INFO] INFO - Ruta POST - "localhost:8080" accedida - Email: juan@gmail.com - User: Juan Perez logueado.
[2023-01-21T11:25:21.668] [INFO] INFO - Ruta GET - "localhost:8080" accedida - Email: juan@gmail.com - User: Juan Perez cerró sesión.
[2023-01-21T11:25:26.907] [INFO] INFO - Ruta POST - "localhost:8080" accedida - Email: juan@gmail.com - User: Juan Perez logueado.
[2023-01-21T11:29:52.926] [INFO] INFO - Ruta POST - "localhost:8080" accedida - Email: juan@gmail.com - User: Juan Perez logueado.
[2023-01-21T11:31:02.970] [INFO] INFO - Ruta GET - "localhost:8080" accedida - Email: juan@gmail.com - User: Juan Perez cerró sesión.
[2023-01-21T11:31:07.353] [INFO] INFO - Ruta POST - "localhost:8080" accedida - Email: juan@gmail.com - User: Juan Perez logueado.
[2023-01-21T11:35:32.390] [INFO] INFO - Ruta POST - "localhost:8080" accedida - Email: juan@gmail.com - User: Juan Perez logueado.
[2023-01-21T11:37:35.303] [INFO] INFO - Ruta POST - "localhost:8080" accedida - Email: juan@gmail.com - User: Juan Perez logueado.
[2023-01-21T11:38:40.973] [INFO] INFO - Ruta POST - "localhost:8080" accedida - Email: juan@gmail.com - User: Juan Perez logueado.
[2023-01-21T11:40:29.299] [INFO] INFO - Ruta POST - "localhost:8080" accedida - Email: juan@gmail.com - User: Juan Perez logueado.
[2023-01-21T11:40:50.570] [INFO] INFO - Ruta POST - "localhost:8080" accedida - Email: juan@gmail.com - User: Juan Perez logueado.
[2023-01-21T11:43:27.301] [INFO] INFO - Ruta POST - "localhost:8080" accedida - Email: juan@gmail.com - User: Juan Perez logueado.
[2023-01-21T11:44:00.436] [INFO] INFO - Ruta POST - "localhost:8080" accedida - Email: juan@gmail.com - User: Juan Perez logueado.
[2023-01-21T11:44:53.806] [INFO] INFO - Ruta POST - "localhost:8080" accedida - Email: juan@gmail.com - User: Juan Perez logueado.
[2023-01-21T11:50:18.264] [INFO] INFO - Ruta POST - "localhost:8080" accedida - Email: juan@gmail.com - User: Juan Perez logueado.
[2023-01-21T11:54:51.861] [INFO] INFO - Ruta POST - "localhost:8080" accedida - Email: juan@gmail.com - User: Juan Perez logueado.
[2023-01-21T11:55:31.782] [INFO] INFO - Ruta POST - "localhost:8080" accedida - Email: juan@gmail.com - User: Juan Perez logueado.
[2023-01-21T11:55:58.232] [INFO] INFO - Ruta POST - "localhost:8080" accedida - Email: juan@gmail.com - User: Juan Perez logueado.
[2023-01-21T11:57:11.440] [INFO] INFO - Ruta POST - "localhost:8080" accedida - Email: juan@gmail.com - User: Juan Perez logueado.
[2023-01-21T11:59:02.881] [INFO] INFO - Ruta POST - "localhost:8080" accedida - Email: juan@gmail.com - User: Juan Perez logueado.
[2023-01-21T12:02:01.311] [INFO] INFO - Ruta POST - "localhost:8080" accedida - Email: juan@gmail.com - User: Juan Perez logueado.
[2023-01-21T12:04:12.405] [INFO] INFO - Ruta POST - "localhost:8080" accedida - Email: juan@gmail.com - User: Juan Perez logueado.
[2023-01-21T12:05:08.974] [INFO] INFO - Ruta POST - "localhost:8080" accedida - Email: juan@gmail.com - User: Juan Perez logueado.
[2023-01-21T12:07:24.698] [INFO] INFO - Ruta POST - "localhost:8080" accedida - Email: juan@gmail.com - User: Juan Perez logueado.
[2023-01-21T12:09:29.995] [INFO] INFO - Ruta POST - "localhost:8080" accedida - Email: juan@gmail.com - User: Juan Perez logueado.
[2023-01-21T12:10:32.422] [INFO] INFO - Ruta POST - "localhost:8080" accedida - Email: juan@gmail.com - User: Juan Perez logueado.
[2023-01-21T12:12:08.432] [INFO] INFO - Ruta POST - "localhost:8080" accedida - Email: juan@gmail.com - User: Juan Perez logueado.
[2023-01-21T12:15:21.122] [INFO] INFO - Ruta POST - "localhost:8080" accedida - Email: juan@gmail.com - User: Juan Perez logueado.
[2023-01-21T12:15:55.694] [INFO] INFO - Ruta POST - "localhost:8080" accedida - Email: juan@gmail.com - User: Juan Perez logueado.
[2023-01-21T12:16:51.106] [INFO] INFO - Ruta POST - "localhost:8080" accedida - Email: juan@gmail.com - User: Juan Perez logueado.
[2023-01-21T12:17:34.304] [INFO] INFO - Ruta POST - "localhost:8080" accedida - Email: juan@gmail.com - User: Juan Perez logueado.
[2023-01-21T12:18:52.093] [INFO] INFO - Ruta POST - "localhost:8080" accedida - Email: juan@gmail.com - User: Juan Perez logueado.
[2023-01-21T12:21:12.656] [INFO] INFO - Ruta POST - "localhost:8080" accedida - Email: juan@gmail.com - User: Juan Perez logueado.
[2023-01-21T12:22:02.487] [INFO] INFO - Ruta POST - "localhost:8080" accedida - Email: juan@gmail.com - User: Juan Perez logueado.
[2023-01-21T12:23:00.550] [INFO] INFO - Ruta POST - "localhost:8080" accedida - Email: juan@gmail.com - User: Juan Perez logueado.
[2023-01-21T12:25:39.587] [INFO] INFO - Ruta POST - "localhost:8080" accedida - Email: juan@gmail.com - User: Juan Perez logueado.
[2023-01-21T12:28:16.221] [INFO] INFO - Ruta POST - "localhost:8080" accedida - Email: juan@gmail.com - User: Juan Perez logueado.
[2023-01-21T12:28:55.149] [INFO] INFO - Ruta POST - "localhost:8080" accedida - Email: juan@gmail.com - User: Juan Perez logueado.
[2023-01-21T12:30:41.027] [INFO] INFO - Ruta POST - "localhost:8080" accedida - Email: juan@gmail.com - User: Juan Perez logueado.
[2023-01-21T12:31:08.830] [INFO] INFO - Ruta POST - "localhost:8080" accedida - Email: juan@gmail.com - User: Juan Perez logueado.
[2023-01-21T12:31:53.334] [INFO] INFO - Ruta POST - "localhost:8080" accedida - Email: juan@gmail.com - User: Juan Perez logueado.
[2023-01-21T12:32:55.039] [INFO] INFO - Ruta POST - "localhost:8080" accedida - Email: juan@gmail.com - User: Juan Perez logueado.
[2023-01-21T12:33:35.997] [INFO] INFO - Ruta POST - "localhost:8080" accedida - Email: juan@gmail.com - User: Juan Perez logueado.
[2023-01-21T12:34:11.092] [INFO] INFO - Ruta POST - "localhost:8080" accedida - Email: juan@gmail.com - User: Juan Perez logueado.
[2023-01-21T12:40:38.228] [INFO] INFO - Ruta POST - "localhost:8080" accedida - Email: juan@gmail.com - User: Juan Perez logueado.
[2023-01-21T12:41:36.842] [INFO] INFO - Ruta POST - "localhost:8080" accedida - Email: juan@gmail.com - User: Juan Perez logueado.
[2023-01-21T12:42:16.097] [INFO] INFO - Ruta POST - "localhost:8080" accedida - Email: juan@gmail.com - User: Juan Perez logueado.
[2023-01-21T12:42:49.335] [INFO] INFO - Ruta POST - "localhost:8080" accedida - Email: juan@gmail.com - User: Juan Perez logueado.
[2023-01-21T12:43:46.906] [INFO] INFO - Ruta POST - "localhost:8080" accedida - Email: juan@gmail.com - User: Juan Perez logueado.
[2023-01-21T12:45:35.812] [INFO] INFO - Ruta POST - "localhost:8080" accedida - Email: juan@gmail.com - User: Juan Perez logueado.
[2023-01-21T12:46:22.299] [INFO] INFO - Ruta POST - "localhost:8080" accedida - Email: juan@gmail.com - User: Juan Perez logueado.
[2023-01-21T12:47:44.229] [INFO] INFO - Ruta POST - "localhost:8080" accedida - Email: juan@gmail.com - User: Juan Perez logueado.
[2023-01-22T20:38:58.745] [INFO] INFO - Ruta POST - "localhost:8080" accedida - Email: juan@gmail.com - User: Juan Perez logueado.
[2023-01-22T20:39:24.933] [INFO] INFO - Ruta GET - "localhost:8080" accedida - Email: juan@gmail.com - User: Juan Perez cerró sesión.
[2023-01-22T20:39:32.168] [INFO] INFO - Ruta POST - "localhost:8080" accedida - Email: juan@gmail.com - User: Juan Perez logueado.
[2023-01-22T20:40:21.929] [INFO] INFO - Ruta POST - "localhost:8080" accedida - Email: juan@gmail.com - User: Juan Perez logueado.
[2023-01-22T20:41:08.742] [INFO] INFO - Ruta POST - "localhost:8080" accedida - Email: juan@gmail.com - User: Juan Perez logueado.
[2023-01-22T20:42:13.698] [INFO] INFO - Ruta POST - "localhost:8080" accedida - Email: juan@gmail.com - User: Juan Perez logueado.
[2023-01-22T20:44:08.855] [INFO] INFO - Ruta POST - "localhost:8080" accedida - Email: juan@gmail.com - User: Juan Perez logueado.
[2023-01-22T20:44:27.315] [INFO] INFO - Ruta POST - "localhost:8080" accedida - Email: juan@gmail.com - User: Juan Perez logueado.
[2023-01-22T20:45:08.008] [INFO] INFO - Ruta POST - "localhost:8080" accedida - Email: juan@gmail.com - User: Juan Perez logueado.
[2023-01-22T20:49:01.782] [INFO] INFO - Ruta POST - "localhost:8080" accedida - Email: juan@gmail.com - User: Juan Perez logueado.
[2023-01-22T20:51:45.359] [INFO] INFO - Ruta POST - "localhost:8080" accedida - Email: juan@gmail.com - User: Juan Perez logueado.
[2023-01-22T20:52:12.702] [INFO] INFO - Ruta POST - "localhost:8080" accedida - Email: juan@gmail.com - User: Juan Perez logueado.
[2023-01-22T20:52:54.896] [INFO] INFO - Ruta POST - "localhost:8080" accedida - Email: juan@gmail.com - User: Juan Perez logueado.
[2023-01-22T20:55:09.439] [INFO] INFO - Ruta POST - "localhost:8080" accedida - Email: juan@gmail.com - User: Juan Perez logueado.
[2023-01-22T20:57:14.782] [INFO] INFO - Ruta POST - "localhost:8080" accedida - Email: juan@gmail.com - User: Juan Perez logueado.
[2023-01-22T20:57:32.421] [INFO] INFO - Ruta POST - "localhost:8080" accedida - Email: juan@gmail.com - User: Juan Perez logueado.
[2023-01-22T20:58:51.605] [INFO] INFO - Ruta POST - "localhost:8080" accedida - Email: juan@gmail.com - User: Juan Perez logueado.
[2023-01-22T20:59:45.164] [INFO] INFO - Ruta POST - "localhost:8080" accedida - Email: juan@gmail.com - User: Juan Perez logueado.
[2023-01-22T21:00:21.096] [INFO] INFO - Ruta POST - "localhost:8080" accedida - Email: juan@gmail.com - User: Juan Perez logueado.
[2023-01-22T21:01:38.875] [INFO] INFO - Ruta POST - "localhost:8080" accedida - Email: juan@gmail.com - User: Juan Perez logueado.
[2023-01-22T21:03:26.073] [INFO] INFO - Ruta POST - "localhost:8080" accedida - Email: juan@gmail.com - User: Juan Perez logueado.
[2023-01-22T21:05:03.065] [INFO] INFO - Ruta POST - "localhost:8080" accedida - Email: juan@gmail.com - User: Juan Perez logueado.
[2023-01-22T21:05:59.283] [INFO] INFO - Ruta POST - "localhost:8080" accedida - Email: juan@gmail.com - User: Juan Perez logueado.
[2023-01-22T21:07:20.760] [INFO] INFO - Ruta POST - "localhost:8080" accedida - Email: juan@gmail.com - User: Juan Perez logueado.
[2023-01-22T21:07:56.669] [INFO] INFO - Ruta POST - "localhost:8080" accedida - Email: juan@gmail.com - User: Juan Perez logueado.
[2023-01-22T21:11:03.837] [INFO] INFO - Ruta POST - "localhost:8080" accedida - Email: juan@gmail.com - User: Juan Perez logueado.
[2023-01-22T21:11:55.138] [INFO] INFO - Ruta POST - "localhost:8080" accedida - Email: juan@gmail.com - User: Juan Perez logueado.
[2023-01-22T21:12:33.623] [INFO] INFO - Ruta POST - "localhost:8080" accedida - Email: juan@gmail.com - User: Juan Perez logueado.
[2023-01-22T21:13:05.448] [INFO] INFO - Ruta POST - "localhost:8080" accedida - Email: juan@gmail.com - User: Juan Perez logueado.
[2023-01-22T21:13:23.617] [INFO] INFO - Ruta POST - "localhost:8080" accedida - Email: juan@gmail.com - User: Juan Perez logueado.
[2023-01-22T21:18:45.064] [INFO] INFO - Ruta POST - "localhost:8080" accedida - Email: juan@gmail.com - User: Juan Perez logueado.
[2023-01-22T21:19:50.270] [INFO] INFO - Ruta POST - "localhost:8080" accedida - Email: juan@gmail.com - User: Juan Perez logueado.
[2023-01-22T21:20:39.234] [INFO] INFO - Ruta POST - "localhost:8080" accedida - Email: juan@gmail.com - User: Juan Perez logueado.
[2023-01-22T21:21:46.659] [INFO] INFO - Ruta POST - "localhost:8080" accedida - Email: juan@gmail.com - User: Juan Perez logueado.
[2023-01-22T21:23:33.089] [INFO] INFO - Ruta POST - "localhost:8080" accedida - Email: juan@gmail.com - User: Juan Perez logueado.
[2023-01-22T21:24:22.266] [INFO] INFO - Ruta POST - "localhost:8080" accedida - Email: juan@gmail.com - User: Juan Perez logueado.
[2023-01-22T21:24:45.462] [INFO] INFO - Ruta POST - "localhost:8080" accedida - Email: juan@gmail.com - User: Juan Perez logueado.
[2023-01-22T21:24:53.463] [INFO] INFO - Ruta POST - "localhost:8080" accedida - Email: juan@gmail.com - User: Juan Perez logueado.
[2023-01-22T21:29:05.195] [INFO] INFO - Ruta POST - "localhost:8080" accedida - Email: juan@gmail.com - User: Juan Perez logueado.
[2023-01-22T21:31:19.509] [INFO] INFO - Ruta POST - "localhost:8080" accedida - Email: juan@gmail.com - User: Juan Perez logueado.
[2023-01-22T21:32:39.353] [INFO] INFO - Ruta POST - "localhost:8080" accedida - Email: juan@gmail.com - User: Juan Perez logueado.
[2023-01-22T21:33:36.987] [INFO] INFO - Ruta POST - "localhost:8080" accedida - Email: juan@gmail.com - User: Juan Perez logueado.
[2023-01-22T21:34:37.379] [INFO] INFO - Ruta POST - "localhost:8080" accedida - Email: juan@gmail.com - User: Juan Perez logueado.
[2023-01-22T21:35:14.321] [INFO] INFO - Ruta POST - "localhost:8080" accedida - Email: juan@gmail.com - User: Juan Perez logueado.
[2023-01-22T21:36:02.208] [INFO] INFO - Ruta POST - "localhost:8080" accedida - Email: juan@gmail.com - User: Juan Perez logueado.
[2023-01-22T21:36:39.780] [INFO] INFO - Ruta POST - "localhost:8080" accedida - Email: juan@gmail.com - User: Juan Perez logueado.
[2023-01-22T21:37:02.264] [INFO] INFO - Ruta POST - "localhost:8080" accedida - Email: juan@gmail.com - User: Juan Perez logueado.
[2023-01-22T21:37:48.486] [INFO] INFO - Ruta POST - "localhost:8080" accedida - Email: juan@gmail.com - User: Juan Perez logueado.
[2023-01-22T21:38:17.141] [INFO] INFO - Ruta POST - "localhost:8080" accedida - Email: juan@gmail.com - User: Juan Perez logueado.
[2023-01-22T21:39:45.166] [INFO] INFO - Ruta POST - "localhost:8080" accedida - Email: juan@gmail.com - User: Juan Perez logueado.
[2023-01-22T21:40:31.070] [INFO] INFO - Ruta POST - "localhost:8080" accedida - Email: juan@gmail.com - User: Juan Perez logueado.
[2023-01-23T09:32:07.735] [INFO] INFO - Ruta POST - "localhost:8080" accedida - Email: juan@gmail.com - User: Juan Perez logueado.
[2023-01-23T09:32:25.339] [INFO] INFO - Ruta POST - "localhost:8080" accedida - Email: juan@gmail.com - User: Juan Perez logueado.
[2023-01-23T09:35:24.130] [INFO] INFO - Ruta POST - "localhost:8080" accedida - Email: juan@gmail.com - User: Juan Perez logueado.
[2023-01-23T09:35:45.733] [INFO] INFO - Ruta POST - "localhost:8080" accedida - Email: juan@gmail.com - User: Juan Perez logueado.
[2023-01-23T09:38:26.379] [INFO] INFO - Ruta POST - "localhost:8080" accedida - Email: juan@gmail.com - User: Juan Perez logueado.
[2023-01-23T09:38:50.830] [INFO] INFO - Ruta POST - "localhost:8080" accedida - Email: juan@gmail.com - User: Juan Perez logueado.
[2023-01-23T10:22:20.695] [INFO] INFO - Ruta POST - "localhost:8080" accedida - Email: juan@gmail.com - User: Juan Perez logueado.
[2023-01-23T10:23:23.985] [INFO] INFO - Ruta POST - "localhost:8080" accedida - Email: juan@gmail.com - User: Juan Perez logueado.
[2023-01-23T10:24:59.031] [INFO] INFO - Ruta POST - "localhost:8080" accedida - Email: juan@gmail.com - User: Juan Perez logueado.
[2023-01-23T10:25:57.266] [INFO] INFO - Ruta GET - "localhost:8080" accedida - Email: juan@gmail.com - User: Juan Perez cerró sesión.
[2023-01-23T10:26:01.436] [INFO] INFO - Ruta POST - "localhost:8080" accedida - Email: tony@gmail.com - User: JAJAJA logueado.
[2023-01-23T11:09:51.417] [INFO] INFO - Ruta POST - "localhost:8080" accedida - Email: juan@gmail.com - User: Juan Perez logueado.
[2023-01-23T11:11:46.353] [INFO] INFO - Ruta POST - "localhost:8080" accedida - Email: juan@gmail.com - User: Juan Perez logueado.
[2023-01-23T11:14:22.969] [INFO] INFO - Ruta POST - "localhost:8080" accedida - Email: juan@gmail.com - User: Juan Perez logueado.
[2023-01-23T11:18:01.378] [INFO] INFO - Ruta POST - "localhost:8080" accedida - Email: juan@gmail.com - User: Juan Perez logueado.
[2023-01-23T11:20:08.602] [INFO] INFO - Ruta POST - "localhost:8080" accedida - Email: tony@gmail.com - User: JAJAJA logueado.
[2023-01-23T11:21:08.504] [INFO] INFO - Ruta POST - "localhost:8080" accedida - Email: tony@gmail.com - User: JAJAJA logueado.
[2023-01-23T11:22:55.441] [INFO] INFO - Ruta POST - "localhost:8080" accedida - Email: tony@gmail.com - User: JAJAJA logueado.
[2023-01-23T11:23:29.661] [INFO] INFO - Ruta GET - "localhost:8080" accedida - Email: tony@gmail.com - User: JAJAJA cerró sesión.
[2023-01-23T11:23:35.667] [INFO] INFO - Ruta POST - "localhost:8080" accedida - Email: tony@gmail.com - User: JAJAJA logueado.
[2023-01-23T11:23:54.299] [INFO] INFO - Ruta GET - "localhost:8080" accedida - Email: tony@gmail.com - User: JAJAJA cerró sesión.
[2023-01-23T11:23:58.397] [INFO] INFO - Ruta POST - "localhost:8080" accedida - Email: juan@gmail.com - User: Juan Perez logueado.
[2023-01-23T11:27:13.368] [INFO] INFO - Ruta GET - "localhost:8080" accedida - Email: juan@gmail.com - User: Juan Perez cerró sesión.
[2023-01-23T11:27:26.261] [INFO] INFO - Ruta POST - "localhost:8080" accedida - Email: juan@gmail.com - User: Juan Perez logueado.
[2023-01-23T11:27:28.167] [INFO] INFO - Ruta GET - "localhost:8080" accedida - Email: juan@gmail.com - User: Juan Perez cerró sesión.
[2023-01-23T11:28:00.908] [INFO] INFO - Ruta POST - "localhost:8080" accedida - Email: juan@gmail.com - User: Juan Perez logueado.
[2023-01-23T11:28:02.567] [INFO] INFO - Ruta GET - "localhost:8080" accedida - Email: juan@gmail.com - User: Juan Perez cerró sesión.
[2023-01-23T11:28:13.944] [INFO] INFO - Ruta POST - "localhost:8080" accedida - Email: juan@gmail.com - User: Juan Perez logueado.
[2023-01-23T15:02:25.453] [INFO] INFO - Ruta POST - "localhost:8080" accedida - Email: juan@gmail.com - User: Juan Perez logueado.
[2023-01-23T15:03:22.045] [INFO] INFO - Ruta POST - "localhost:8080" accedida - Email: juan@gmail.com - User: Juan Perez logueado.
[2023-01-23T15:10:23.498] [INFO] INFO - Ruta POST - "localhost:8080" accedida - Email: juan@gmail.com - User: Juan Perez logueado.
[2023-01-23T15:10:59.320] [INFO] INFO - Ruta POST - "localhost:8080" accedida - Email: juan@gmail.com - User: Juan Perez logueado.
[2023-01-23T15:12:23.921] [INFO] INFO - Ruta POST - "localhost:8080" accedida - Email: juan@gmail.com - User: Juan Perez logueado.
[2023-01-23T15:15:17.934] [INFO] INFO - Ruta POST - "localhost:8080" accedida - Email: juan@gmail.com - User: Juan Perez logueado.
[2023-01-23T15:15:46.250] [INFO] INFO - Ruta POST - "localhost:8080" accedida - Email: juan@gmail.com - User: Juan Perez logueado.
[2023-01-23T15:23:09.680] [INFO] INFO - Ruta POST - "localhost:8080" accedida - Email: juan@gmail.com - User: Juan Perez logueado.
[2023-01-23T15:23:48.730] [INFO] INFO - Ruta POST - "localhost:8080" accedida - Email: juan@gmail.com - User: Juan Perez logueado.
[2023-01-23T15:25:25.904] [INFO] INFO - Ruta POST - "localhost:8080" accedida - Email: juan@gmail.com - User: Juan Perez logueado.
[2023-01-23T15:26:35.117] [INFO] INFO - Ruta POST - "localhost:8080" accedida - Email: juan@gmail.com - User: Juan Perez logueado.
[2023-01-23T15:27:22.234] [INFO] INFO - Ruta POST - "localhost:8080" accedida - Email: juan@gmail.com - User: Juan Perez logueado.
[2023-01-23T15:30:59.423] [INFO] INFO - Ruta POST - "localhost:8080" accedida - Email: juan@gmail.com - User: Juan Perez logueado.
[2023-01-23T15:32:41.478] [INFO] INFO - Ruta POST - "localhost:8080" accedida - Email: juan@gmail.com - User: Juan Perez logueado.
[2023-01-23T15:34:32.393] [INFO] INFO - Ruta POST - "localhost:8080" accedida - Email: juan@gmail.com - User: Juan Perez logueado.
[2023-01-23T15:35:06.404] [INFO] INFO - Ruta POST - "localhost:8080" accedida - Email: juan@gmail.com - User: Juan Perez logueado.
[2023-01-23T15:40:53.526] [INFO] INFO - Ruta POST - "localhost:8080" accedida - Email: juan@gmail.com - User: Juan Perez logueado.
[2023-01-23T15:42:53.926] [INFO] INFO - Ruta POST - "localhost:8080" accedida - Email: tony@gmail.com - User: JAJAJA logueado.
[2023-01-23T15:43:10.222] [INFO] INFO - Ruta GET - "localhost:8080" accedida - Email: tony@gmail.com - User: JAJAJA cerró sesión.
[2023-01-23T15:43:15.039] [INFO] INFO - Ruta POST - "localhost:8080" accedida - Email: tony@gmail.com - User: JAJAJA logueado.
[2023-01-23T15:43:54.027] [INFO] INFO - Ruta POST - "localhost:8080" accedida - Email: juan@gmail.com - User: Juan Perez logueado.
[2023-01-23T15:44:07.171] [INFO] INFO - Ruta GET - "localhost:8080" accedida - Email: juan@gmail.com - User: Juan Perez cerró sesión.
[2023-01-23T15:44:17.565] [INFO] INFO - Ruta POST - "localhost:8080" accedida - Email: tony@gmail.com - User: JAJAJA logueado.
[2023-01-23T15:44:52.412] [INFO] INFO - Ruta GET - "localhost:8080" accedida - Email: tony@gmail.com - User: JAJAJA cerró sesión.
[2023-01-23T15:44:56.790] [INFO] INFO - Ruta POST - "localhost:8080" accedida - Email: juan@gmail.com - User: Juan Perez logueado.
[2023-01-23T15:45:19.437] [INFO] INFO - Ruta POST - "localhost:8080" accedida - Email: tony@gmail.com - User: JAJAJA logueado.
[2023-01-23T15:45:49.762] [INFO] INFO - Ruta POST - "localhost:8080" accedida - Email: tony@gmail.com - User: JAJAJA logueado.
[2023-01-23T15:46:41.590] [INFO] INFO - Ruta POST - "localhost:8080" accedida - Email: juan@gmail.com - User: Juan Perez logueado.
[2023-01-23T15:48:11.416] [INFO] INFO - Ruta POST - "localhost:8080" accedida - Email: juan@gmail.com - User: Juan Perez logueado.
[2023-01-23T16:02:46.148] [INFO] INFO - Ruta POST - "localhost:8080" accedida - Email: tony@gmail.com - User: JAJAJA logueado.
[2023-01-23T16:03:26.525] [INFO] INFO - Ruta POST - "localhost:8080" accedida - Email: juan@gmail.com - User: Juan Perez logueado.
[2023-01-23T16:04:09.449] [INFO] INFO - Ruta POST - "localhost:8080" accedida - Email: juan@gmail.com - User: Juan Perez logueado.
[2023-01-23T16:04:17.519] [INFO] INFO - Ruta GET - "localhost:8080" accedida - Email: juan@gmail.com - User: Juan Perez cerró sesión.
[2023-01-23T16:04:22.131] [INFO] INFO - Ruta POST - "localhost:8080" accedida - Email: tony@gmail.com - User: JAJAJA logueado.
[2023-01-23T16:05:21.473] [INFO] INFO - Ruta POST - "localhost:8080" accedida - Email: tony@gmail.com - User: JAJAJA logueado.
[2023-01-23T16:06:39.279] [INFO] INFO - Ruta POST - "localhost:8080" accedida - Email: pepe@gmail.com - User: Pepe Castro registrado.
[2023-01-23T16:09:07.214] [INFO] INFO - Ruta POST - "localhost:8080" accedida - Email: pepe@gmail.com - User: Pepe Castro logueado.
[2023-01-23T17:01:18.841] [INFO] INFO - Ruta POST - "localhost:8080" accedida - Email: juan@gmail.com - User: Juan Perez logueado.
[2023-01-23T17:02:05.390] [INFO] INFO - Ruta POST - "localhost:8080" accedida - Email: juan@gmail.com - User: Juan Perez logueado.
[2023-01-23T17:02:09.015] [INFO] INFO - Ruta GET - "localhost:8080" accedida - Email: juan@gmail.com - User: Juan Perez cerró sesión.
[2023-01-23T17:02:13.440] [INFO] INFO - Ruta POST - "localhost:8080" accedida - Email: pepe@gmail.com - User: Pepe Castro logueado.
[2023-01-23T17:02:16.015] [INFO] INFO - Ruta GET - "localhost:8080" accedida - Email: pepe@gmail.com - User: Pepe Castro cerró sesión.
[2023-01-23T17:02:20.091] [INFO] INFO - Ruta POST - "localhost:8080" accedida - Email: tony@gmail.com - User: JAJAJA logueado.
[2023-01-23T17:03:32.485] [INFO] INFO - Ruta POST - "localhost:8080" accedida - Email: pepe@gmail.com - User: Pepe Castro logueado.
[2023-01-23T17:05:36.268] [INFO] INFO - Ruta POST - "localhost:8080" accedida - Email: tony@gmail.com - User: JAJAJA logueado.
[2023-01-23T17:05:57.653] [INFO] INFO - Ruta POST - "localhost:8080" accedida - Email: tony@gmail.com - User: JAJAJA logueado.
[2023-01-23T17:10:35.782] [INFO] INFO - Ruta POST - "localhost:8080" accedida - Email: pepe@gmail.com - User: Pepe Castro logueado.
[2023-01-23T17:11:56.367] [INFO] INFO - Ruta POST - "localhost:8080" accedida - Email: pepe@gmail.com - User: Pepe Castro logueado.
[2023-01-23T17:12:41.512] [INFO] INFO - Ruta POST - "localhost:8080" accedida - Email: tony@gmail.com - User: JAJAJA logueado.
[2023-01-23T17:13:18.464] [INFO] INFO - Ruta POST - "localhost:8080" accedida - Email: tony@gmail.com - User: JAJAJA logueado.
[2023-01-23T17:13:47.768] [INFO] INFO - Ruta POST - "localhost:8080" accedida - Email: tony@gmail.com - User: JAJAJA logueado.
[2023-01-23T17:15:44.484] [INFO] INFO - Ruta POST - "localhost:8080" accedida - Email: juan@gmail.com - User: Juan Perez logueado.
[2023-01-23T17:16:53.304] [INFO] INFO - Ruta POST - "localhost:8080" accedida - Email: juan@gmail.com - User: Juan Perez logueado.
[2023-01-23T17:18:06.572] [INFO] INFO - Ruta POST - "localhost:8080" accedida - Email: pepe@gmail.com - User: Pepe Castro logueado.
[2023-01-23T17:18:43.061] [INFO] INFO - Ruta POST - "localhost:8080" accedida - Email: pepe@gmail.com - User: Pepe Castro logueado.
[2023-01-23T17:19:32.486] [INFO] INFO - Ruta POST - "localhost:8080" accedida - Email: pepe@gmail.com - User: Pepe Castro logueado.
